<?xml version="1.0" encoding="UTF-8"?>
<!-- Generated by org.testng.reporters.JUnitXMLReporter -->
<testsuite ignored="0" hostname="MckenzieCombrinck" failures="0" tests="5" name="Surefire test" time="27.764" errors="0" timestamp="2020-04-29T10:41:49 SAST">
  <testcase classname="com.equalexperts.ui.BookingTests" name="createValidBooking" time="6.983"/>
  <testcase classname="com.equalexperts.api.BookingsAPITests" name="makeBooking" time="7.328"/>
  <testcase classname="com.equalexperts.ui.BookingTests" name="deleteBooking" time="0.152"/>
  <testcase classname="com.equalexperts.api.BookingsAPITests" name="getBookingByID" time="0.65"/>
  <testcase classname="com.equalexperts.api.BookingsAPITests" name="deleteBookingByID" time="0.366"/>
</testsuite> <!-- Surefire test -->
