<?xml version="1.0" encoding="UTF-8"?>
<testsuite xmlns:xsi="http://www.w3.org/2001/XMLSchema-instance" xsi:noNamespaceSchemaLocation="https://maven.apache.org/surefire/maven-surefire-plugin/xsd/surefire-test-report.xsd" name="TestSuite" time="30.38" tests="5" errors="0" skipped="0" failures="0">
  <properties>
[...]
</properties>
  <testcase name="createValidBooking" classname="com.equalexperts.ui.BookingTests" time="6.938"/>
  <testcase name="makeBooking" classname="com.equalexperts.api.BookingsAPITests" time="7.329"/>
  <testcase name="deleteBooking" classname="com.equalexperts.ui.BookingTests" time="0.149"/>
  <testcase name="getBookingByID" classname="com.equalexperts.api.BookingsAPITests" time="0.65"/>
  <testcase name="deleteBookingByID" classname="com.equalexperts.api.BookingsAPITests" time="0.366"/>
</testsuite>